<?xml version="1.0" encoding="UTF-8"?>
<!-- Generated by org.testng.reporters.JUnitReportReporter -->
<testsuite hostname="DESKTOP-E3FNQHB" failures="0" tests="1" name="Run_Test_Model.all_test_one_class" time="0.622" errors="0" timestamp="2022-12-06T12:56:24 IST" skipped="0">
  <testcase classname="Run_Test_Model.all_test_one_class" name="add_remove" time="0.622"/>
  <system-out/>
</testsuite> <!-- Run_Test_Model.all_test_one_class -->
